<?xml version="1.0" encoding="UTF-8"?>
<!-- Generated by org.testng.reporters.JUnitXMLReporter -->
<testsuite ignored="0" hostname="LAPTOP-LBM6U9VC" failures="1" tests="1" name="Login_check" time="15.084" errors="0" timestamp="2021-10-22T13:49:07 IST">
  <testcase classname="com.elocalshops.Runner.Login_check" name="Login_to_Site" time="5.829">
    <failure type="java.lang.NullPointerException" message="Cannot invoke &amp;quot;com.relevantcodes.extentreports.ExtentTest.log(com.relevantcodes.extentreports.LogStatus, String)&amp;quot; because &amp;quot;this.test&amp;quot; is null">
      <![CDATA[java.lang.NullPointerException: Cannot invoke "com.relevantcodes.extentreports.ExtentTest.log(com.relevantcodes.extentreports.LogStatus, String)" because "this.test" is null
at com.elocalshops.Runner.Login_check.Login_to_Site(Login_check.java:41)
at java.base/java.util.ArrayList.forEach(ArrayList.java:1511)
... Removed 27 stack frames]]>
    </failure>
  </testcase> <!-- Login_to_Site -->
</testsuite> <!-- Login_check -->
