<?xml version="1.0" encoding="UTF-8"?>
<!-- Generated by org.testng.reporters.JUnitXMLReporter -->
<testsuite ignored="8" hostname="LAPTOP-LBM6U9VC" failures="0" tests="5" name="Test" time="54.945" errors="0" timestamp="2021-11-04T21:08:10 IST">
  <testcase classname="com.elocalshops.Runner.Product_Search_Check" name="searchItem" time="3.964"/>
  <testcase classname="com.elocalshops.Runner.Add_FictionBook_to_cart" name="Add_fictionbook_cart" time="9.252"/>
  <testcase classname="com.elocalshops.Runner.Login_using_exceldata" name="login_using_exceldata" time="4.638"/>
  <testcase classname="com.elocalshops.Runner.Login_check" name="Login_to_Site" time="3.104"/>
  <testcase classname="com.elocalshops.Runner.ValidateTitle" name="Validation" time="0.235"/>
  <testcase classname="com.elocalshops.ReusableComponents.Base" name="@BeforeSuite beforeClass" time="0.0">
    <ignored/>
  </testcase> <!-- @BeforeSuite beforeClass -->
  <testcase classname="com.elocalshops.ReusableComponents.Base" name="@BeforeSuite beforeClass" time="0.0">
    <ignored/>
  </testcase> <!-- @BeforeSuite beforeClass -->
  <testcase classname="com.elocalshops.ReusableComponents.Base" name="@BeforeSuite beforeClass" time="0.0">
    <ignored/>
  </testcase> <!-- @BeforeSuite beforeClass -->
  <testcase classname="com.elocalshops.ReusableComponents.Base" name="@BeforeSuite beforeClass" time="0.0">
    <ignored/>
  </testcase> <!-- @BeforeSuite beforeClass -->
  <testcase classname="com.elocalshops.ReusableComponents.Base" name="@AfterSuite afterSuite" time="0.0">
    <ignored/>
  </testcase> <!-- @AfterSuite afterSuite -->
  <testcase classname="com.elocalshops.ReusableComponents.Base" name="@AfterSuite afterSuite" time="0.0">
    <ignored/>
  </testcase> <!-- @AfterSuite afterSuite -->
  <testcase classname="com.elocalshops.ReusableComponents.Base" name="@AfterSuite afterSuite" time="0.0">
    <ignored/>
  </testcase> <!-- @AfterSuite afterSuite -->
  <testcase classname="com.elocalshops.ReusableComponents.Base" name="@AfterSuite afterSuite" time="0.0">
    <ignored/>
  </testcase> <!-- @AfterSuite afterSuite -->
</testsuite> <!-- Test -->
