<?xml version="1.0" encoding="UTF-8"?>
<!-- Generated by org.testng.reporters.JUnitXMLReporter -->
<testsuite ignored="0" hostname="LAPTOP-LBM6U9VC" failures="1" tests="1" name="Validatetitle" time="12.848" errors="0" timestamp="2021-10-22T13:49:20 IST">
  <testcase classname="com.elocalshops.Runner.ValidateTitle" name="Validation" time="0.041">
    <failure type="java.lang.AssertionError" message="expected [Facebook] but found [India&amp;apos;s Best Online Store | Free Shipping | eLocalshop]">
      <![CDATA[java.lang.AssertionError: expected [Facebook] but found [India's Best Online Store | Free Shipping | eLocalshop]
at com.elocalshops.Runner.ValidateTitle.Validation(ValidateTitle.java:30)
at java.base/java.util.ArrayList.forEach(ArrayList.java:1511)
... Removed 33 stack frames]]>
    </failure>
  </testcase> <!-- Validation -->
</testsuite> <!-- Validatetitle -->
